custom/dual_sim/src/slot_manipulations.c: In function 'send_AT_cmd':
custom/dual_sim/src/slot_manipulations.c:34:5: warning: pointer targets in passing argument 1 of 'Ql_strlen' differ in signedness [-Wpointer-sign]
In file included from include/general.h:5:0,
                 from custom/dual_sim/src/slot_manipulations.c:1:
include/ql_stdlib.h:54:7: note: expected 'const char *' but argument is of type 'u8 *'
custom/dual_sim/src/slot_manipulations.c:34:5: warning: pointer targets in passing argument 1 of 'Ql_RIL_SendATCmd' differ in signedness [-Wpointer-sign]
In file included from include/general.h:16:0,
                 from custom/dual_sim/src/slot_manipulations.c:1:
ril/inc/ril.h:163:12: note: expected 'char *' but argument is of type 'u8 *'
custom/dual_sim/src/slot_manipulations.c: In function 'get_list_of_supported_slots':
custom/dual_sim/src/slot_manipulations.c:42:5: warning: pointer targets in passing argument 1 of 'send_AT_cmd' differ in signedness [-Wpointer-sign]
custom/dual_sim/src/slot_manipulations.c:30:9: note: expected 'u8 *' but argument is of type 'char *'
custom/dual_sim/src/slot_manipulations.c: In function 'get_active_slot':
custom/dual_sim/src/slot_manipulations.c:53:5: warning: pointer targets in passing argument 1 of 'send_AT_cmd' differ in signedness [-Wpointer-sign]
custom/dual_sim/src/slot_manipulations.c:30:9: note: expected 'u8 *' but argument is of type 'char *'
custom/dual_sim/src/slot_manipulations.c: In function 'change_active_slot':
custom/dual_sim/src/slot_manipulations.c:67:5: warning: pointer targets in passing argument 1 of 'Ql_strlen' differ in signedness [-Wpointer-sign]
In file included from include/general.h:5:0,
                 from custom/dual_sim/src/slot_manipulations.c:1:
include/ql_stdlib.h:54:7: note: expected 'const char *' but argument is of type 'u8 *'
custom/dual_sim/src/slot_manipulations.c:68:5: warning: pointer targets in passing argument 1 of 'Ql_sprintf' differ in signedness [-Wpointer-sign]
custom/dual_sim/src/slot_manipulations.c:68:5: note: expected 'char *' but argument is of type 'u8 *'
custom/dual_sim/src/UART_callbacks.c: In function 'CallBack_UART_Hdlr':
custom/dual_sim/src/UART_callbacks.c:84:16: warning: unused variable 'totalBytes' [-Wunused-variable]
